<?xml version="1.0" encoding="UTF-8"?>
<!-- Generated by org.testng.reporters.JUnitXMLReporter -->
<testsuite ignored="0" hostname="DESKTOP-K0P8G3R" failures="1" tests="5" name="TPC" time="90.869" errors="0" timestamp="2022-08-16T21:37:28 GST">
  <testcase classname="TPC.LoginandBrowserLaunch" name="BrowserLaunch" time="20.303"/>
  <testcase classname="TPC.LoginandBrowserLaunch" name="Login" time="10.305"/>
  <testcase classname="TPC.LabourCategory" name="labourcat" time="1.741">
    <failure type="org.openqa.selenium.ElementClickInterceptedException" message="element click intercepted: Element &amp;lt;li data-v-5d710e89=&amp;quot;&amp;quot;&amp;gt;...&amp;lt;/li&amp;gt; is not clickable at point (100, 15). Other element would receive the click: &amp;lt;div data-v-50b5f667=&amp;quot;&amp;quot; class=&amp;quot;flex-grow-1 dashboard-wrap&amp;quot;&amp;gt;...&amp;lt;/div&amp;gt;
  (Session info: chrome=104.0.5112.81)
Build info: version: &amp;apos;4.4.0&amp;apos;, revision: &amp;apos;e5c75ed026a&amp;apos;
System info: host: &amp;apos;DESKTOP-K0P8G3R&amp;apos;, ip: &amp;apos;192.168.0.183&amp;apos;, os.name: &amp;apos;Windows 11&amp;apos;, os.arch: &amp;apos;amd64&amp;apos;, os.version: &amp;apos;10.0&amp;apos;, java.version: &amp;apos;17.0.3&amp;apos;
Driver info: org.openqa.selenium.chrome.ChromeDriver
Command: [7c9e79b60275e8f56c4fac647948a32c, clickElement {id=c914f1b3-ad30-4d51-8ea4-0a31a8fe4a87}]
Capabilities {acceptInsecureCerts: false, browserName: chrome, browserVersion: 104.0.5112.81, chrome: {chromedriverVersion: 104.0.5112.79 (3cf3e8c8a07d..., userDataDir: C:\Users\ROHANN~1\AppData\L...}, goog:chromeOptions: {debuggerAddress: localhost:53034}, networkConnectionEnabled: false, pageLoadStrategy: normal, platformName: WINDOWS, proxy: Proxy(), se:cdp: ws://localhost:53034/devtoo..., se:cdpVersion: 104.0.5112.81, setWindowRect: true, strictFileInteractability: false, timeouts: {implicit: 0, pageLoad: 300000, script: 30000}, unhandledPromptBehavior: dismiss and notify, webauthn:extension:credBlob: true, webauthn:extension:largeBlob: true, webauthn:virtualAuthenticators: true}
Element: [[ChromeDriver: chrome on WINDOWS (7c9e79b60275e8f56c4fac647948a32c)] -&amp;gt; xpath: //body[1]/div[1]/div[3]/div[1]/div[1]/div[1]/ul[1]/li[21]/span[1]/ul[1]/li]
Session ID: 7c9e79b60275e8f56c4fac647948a32c">
      <![CDATA[org.openqa.selenium.ElementClickInterceptedException: element click intercepted: Element <li data-v-5d710e89="">...</li> is not clickable at point (100, 15). Other element would receive the click: <div data-v-50b5f667="" class="flex-grow-1 dashboard-wrap">...</div>
  (Session info: chrome=104.0.5112.81)
Build info: version: '4.4.0', revision: 'e5c75ed026a'
System info: host: 'DESKTOP-K0P8G3R', ip: '192.168.0.183', os.name: 'Windows 11', os.arch: 'amd64', os.version: '10.0', java.version: '17.0.3'
Driver info: org.openqa.selenium.chrome.ChromeDriver
Command: [7c9e79b60275e8f56c4fac647948a32c, clickElement {id=c914f1b3-ad30-4d51-8ea4-0a31a8fe4a87}]
Capabilities {acceptInsecureCerts: false, browserName: chrome, browserVersion: 104.0.5112.81, chrome: {chromedriverVersion: 104.0.5112.79 (3cf3e8c8a07d..., userDataDir: C:\Users\ROHANN~1\AppData\L...}, goog:chromeOptions: {debuggerAddress: localhost:53034}, networkConnectionEnabled: false, pageLoadStrategy: normal, platformName: WINDOWS, proxy: Proxy(), se:cdp: ws://localhost:53034/devtoo..., se:cdpVersion: 104.0.5112.81, setWindowRect: true, strictFileInteractability: false, timeouts: {implicit: 0, pageLoad: 300000, script: 30000}, unhandledPromptBehavior: dismiss and notify, webauthn:extension:credBlob: true, webauthn:extension:largeBlob: true, webauthn:virtualAuthenticators: true}
Element: [[ChromeDriver: chrome on WINDOWS (7c9e79b60275e8f56c4fac647948a32c)] -> xpath: //body[1]/div[1]/div[3]/div[1]/div[1]/div[1]/ul[1]/li[21]/span[1]/ul[1]/li]
Session ID: 7c9e79b60275e8f56c4fac647948a32c
at org.openqa.selenium.remote.codec.w3c.W3CHttpResponseCodec.createException(W3CHttpResponseCodec.java:200)
at org.openqa.selenium.remote.codec.w3c.W3CHttpResponseCodec.decode(W3CHttpResponseCodec.java:133)
at org.openqa.selenium.remote.codec.w3c.W3CHttpResponseCodec.decode(W3CHttpResponseCodec.java:53)
at org.openqa.selenium.remote.HttpCommandExecutor.execute(HttpCommandExecutor.java:184)
at org.openqa.selenium.remote.service.DriverCommandExecutor.invokeExecute(DriverCommandExecutor.java:167)
at org.openqa.selenium.remote.service.DriverCommandExecutor.execute(DriverCommandExecutor.java:142)
at org.openqa.selenium.remote.RemoteWebDriver.execute(RemoteWebDriver.java:547)
at org.openqa.selenium.remote.RemoteWebElement.execute(RemoteWebElement.java:257)
at org.openqa.selenium.remote.RemoteWebElement.click(RemoteWebElement.java:78)
at TPC.LabourCategory.labourcat(LabourCategory.java:32)
at java.base/java.util.ArrayList.forEach(ArrayList.java:1511)
... Removed 32 stack frames]]>
    </failure>
  </testcase> <!-- labourcat -->
  <testcase classname="TPC.LoginandBrowserLaunch" name="BrowserLaunch" time="47.476"/>
  <testcase classname="TPC.LoginandBrowserLaunch" name="Login" time="10.947"/>
</testsuite> <!-- TPC -->
